<?xml version="1.0" encoding="UTF-8"?>
<testsuite xmlns:xsi="http://www.w3.org/2001/XMLSchema-instance" xsi:schemaLocation="https://maven.apache.org/surefire/maven-surefire-plugin/xsd/surefire-test-report.xsd" name="com.edurekademo.utilities.TestGenericComparator" time="0.018" tests="14" errors="0" skipped="0" failures="0">
  <properties>
    <property name="java.runtime.name" value="Java(TM) SE Runtime Environment"/>
    <property name="java.vm.version" value="18.0.1.1+2-6"/>
    <property name="sun.boot.library.path" value="C:\Program Files\Java\jdk-18.0.1.1\bin"/>
    <property name="maven.multiModuleProjectDirectory" value="D:\java\addressbook"/>
    <property name="java.vm.vendor" value="Oracle Corporation"/>
    <property name="java.vendor.url" value="https://java.oracle.com/"/>
    <property name="guice.disable.misplaced.annotation.check" value="true"/>
    <property name="path.separator" value=";"/>
    <property name="java.vm.name" value="Java HotSpot(TM) 64-Bit Server VM"/>
    <property name="sun.os.patch.level" value=""/>
    <property name="user.script" value=""/>
    <property name="user.country" value="IN"/>
    <property name="sun.java.launcher" value="SUN_STANDARD"/>
    <property name="java.vm.specification.name" value="Java Virtual Machine Specification"/>
    <property name="user.dir" value="D:\java\addressbook"/>
    <property name="java.vm.compressedOopsMode" value="Zero based"/>
    <property name="java.runtime.version" value="18.0.1.1+2-6"/>
    <property name="os.arch" value="amd64"/>
    <property name="java.io.tmpdir" value="C:\Users\karan\AppData\Local\Temp\"/>
    <property name="line.separator" value="&#10;"/>
    <property name="java.vm.specification.vendor" value="Oracle Corporation"/>
    <property name="user.variant" value=""/>
    <property name="os.name" value="Windows 11"/>
    <property name="classworlds.conf" value="E:\maven\apache-maven-3.8.6\bin\m2.conf"/>
    <property name="sun.jnu.encoding" value="Cp1252"/>
    <property name="java.library.path" value="C:\Program Files\Java\jdk-18.0.1.1\bin;C:\windows\Sun\Java\bin;C:\windows\system32;C:\windows;D:\javaproject\onlinequiz\config\WINDOWS.X64_193000_db_home\bin;C:\Program Files\Common Files\Oracle\Java\javapath;C:\windows\system32;C:\windows;C:\windows\System32\Wbem;C:\windows\System32\WindowsPowerShell\v1.0\;C:\windows\System32\OpenSSH\;C:\Program Files\Git\cmd;C:\Program Files\nodejs\;C:\Program Files\nodejs;C:\xampp\php;C:\ProgramData\ComposerSetup\bin;C:\Program Files\Redis\;C:\Program Files\PuTTY\;C:\Program Files\Docker\Docker\resources\bin;C:\ProgramData\DockerDesktop\version-bin;C:\Program Files\Microsoft SQL Server\150\Tools\Binn\;C:\Program Files\Microsoft SQL Server\Client SDK\ODBC\170\Tools\Binn\;C:\Program Files (x86)\Microsoft SQL Server\150\Tools\Binn\;C:\Program Files\Microsoft SQL Server\150\DTS\Binn\;C:\Program Files (x86)\Microsoft SQL Server\150\DTS\Binn\;C:\Program Files\Azure Data Studio\bin;C:\Program Files\dotnet\;C:\Program Files\Microsoft SQL Server\130\Tools\Binn\;C:\ProgramData\chocolatey\bin;C:\Program Files\Amazon\AWSCLI\bin\;C:\Program Files (x86)\dotnet\;C:\Users\karan\AppData\Local\Microsoft\WindowsApps;C:\Users\karan\AppData\Local\Programs\Microsoft VS Code\bin;C:\Users\karan\AppData\Roaming\npm;C:\Program Files\nodejs;C:\Users\karan\AppData\Roaming\Composer\vendor\bin;C:\Program Files\Azure Data Studio\bin;C:\Users\karan\.dotnet\tools;C:\Program Files\PostgreSQL\14\bin;C:\Program Files\MySQL\MySQL Server 8.0\bin;E:\maven\apache-maven-3.8.6\bin;;."/>
    <property name="maven.conf" value="E:\maven\apache-maven-3.8.6/conf"/>
    <property name="jdk.debug" value="release"/>
    <property name="java.class.version" value="62.0"/>
    <property name="java.specification.name" value="Java Platform API Specification"/>
    <property name="sun.management.compiler" value="HotSpot 64-Bit Tiered Compilers"/>
    <property name="os.version" value="10.0"/>
    <property name="library.jansi.path" value="E:\maven\apache-maven-3.8.6\lib\jansi-native"/>
    <property name="user.home" value="C:\Users\karan"/>
    <property name="user.timezone" value="Asia/Calcutta"/>
    <property name="file.encoding" value="UTF-8"/>
    <property name="java.specification.version" value="18"/>
    <property name="user.name" value="karan"/>
    <property name="java.class.path" value="E:\maven\apache-maven-3.8.6\boot\plexus-classworlds-2.6.0.jar"/>
    <property name="java.vm.specification.version" value="18"/>
    <property name="sun.arch.data.model" value="64"/>
    <property name="sun.java.command" value="org.codehaus.plexus.classworlds.launcher.Launcher package"/>
    <property name="java.home" value="C:\Program Files\Java\jdk-18.0.1.1"/>
    <property name="user.language" value="en"/>
    <property name="java.specification.vendor" value="Oracle Corporation"/>
    <property name="java.vm.info" value="mixed mode, sharing"/>
    <property name="java.version" value="18.0.1.1"/>
    <property name="native.encoding" value="Cp1252"/>
    <property name="java.vendor" value="Oracle Corporation"/>
    <property name="sun.stderr.encoding" value="cp437"/>
    <property name="maven.home" value="E:\maven\apache-maven-3.8.6"/>
    <property name="file.separator" value="\"/>
    <property name="java.version.date" value="2022-04-22"/>
    <property name="java.vendor.url.bug" value="https://bugreport.java.com/bugreport/"/>
    <property name="sun.io.unicode.encoding" value="UnicodeLittle"/>
    <property name="sun.cpu.endian" value="little"/>
    <property name="sun.stdout.encoding" value="cp437"/>
    <property name="sun.cpu.isalist" value="amd64"/>
  </properties>
  <testcase name="testSortEmpNameAscNewComparator3Element" classname="com.edurekademo.utilities.TestGenericComparator" time="0.01"/>
  <testcase name="testSortEmpSpareDesc2" classname="com.edurekademo.utilities.TestGenericComparator" time="0.001"/>
  <testcase name="testSortEmpSpareAsc2" classname="com.edurekademo.utilities.TestGenericComparator" time="0.001"/>
  <testcase name="testSortEmpSpare2StringDesc" classname="com.edurekademo.utilities.TestGenericComparator" time="0.001"/>
  <testcase name="testSortEmpSpare2StringAsc" classname="com.edurekademo.utilities.TestGenericComparator" time="0.001"/>
  <testcase name="testSortEmpNameAscNewComparator" classname="com.edurekademo.utilities.TestGenericComparator" time="0.001"/>
  <testcase name="testSortEmpNameDesc" classname="com.edurekademo.utilities.TestGenericComparator" time="0"/>
  <testcase name="testSortEmpSpareAsc" classname="com.edurekademo.utilities.TestGenericComparator" time="0.001"/>
  <testcase name="testSortEmpSpareDesc" classname="com.edurekademo.utilities.TestGenericComparator" time="0"/>
  <testcase name="testSortEmpNameAsc" classname="com.edurekademo.utilities.TestGenericComparator" time="0"/>
  <testcase name="testDoubleSort" classname="com.edurekademo.utilities.TestGenericComparator" time="0"/>
  <testcase name="testSortEmpIDDesc" classname="com.edurekademo.utilities.TestGenericComparator" time="0"/>
  <testcase name="testSortEmpIDAsc" classname="com.edurekademo.utilities.TestGenericComparator" time="0.001"/>
  <testcase name="testSortEmpNameDescNewComparator3Element" classname="com.edurekademo.utilities.TestGenericComparator" time="0"/>
</testsuite>